🚀 מתחיל סריקת מעקב של 6 מוצרים...

==================================================
🔎 *בלוגה*
==================================================

🦃 הטורקי (API)...
   ✅ וודקה בלוגה 700 מ"ל (700ml): 125₪
   ✅ וודקה בלוגה ליטר (1000ml): 155₪
   ✅ וודקה בלוגה בוטניקלס וורדים וליים (1000ml): 199₪
   ✅ וודקה בלוגה בוטניקלס מלפפון ומנטה (1000ml): 199₪
   ✅ וודקה בלוגה בוטניקלס אגס ולינדין (1000ml): 199₪

🏪 שאר החנויות (אחת אחרי שנייה)...
   ✅
   ✅
   ✅
   ✅
   ✅
   ✅
   ✅
   ✅
   ✅
   ✅
   ✅
   ✅
   ✅
   ✅
   ✅
   ✅
   ✅
   ✅

📊 בונים דוח...
📁 JSON: data/בלוגה_20260620_204848.json
📄 דוח: data/בלוגה_20260620_204848.txt
  📄 CSV מעקב: data/price_tracking_בלוגה.csv (עודכן)
  📄 CSV saved: data/turk_products_בלוגה_20260620_204848.csv

📊 *טורקי פרייס אינטליג׳נס*
🔎 *בלוגה*

*12/19* חנויות הגיבו

📊 דוח השוואת מחירים: בלוגה
   נבדקו 19 חנויות, 12 מצאו תוצאות

🏷️ וודקה בלוגה 500 מ”ל
   דרך היין: 110₪
   👇 זול: 110₪ ב-דרך היין

🏷️ וודקה בלוגה 700 מ״ל
   בית היין: 128₪, Coffeco: 130₪
   👇 זול: 128₪ ב-בית היין

🏷️ בלוגה אדריאטיק בוטניקלס אגס וטיליה
   בית היין: 199₪
   👇 זול: 199₪ ב-בית היין

🏷️ וודקה בלוגה אלור 750
   דרך היין: 190₪
   👇 זול: 190₪ ב-דרך היין

🏷️ וודקה בלוגה אלור 750 מ"ל
   בנא משקאות: 150₪
   🦃 הטורקי: 229₪
   👇 זול: 150₪ ב-בנא משקאות
   💰 חיסכון: 79₪ (35%)

🏷️ וודקה בלוגה אלור
   הטורקי: 229₪
   🦃 הטורקי: 229₪
   👇 זול: 229₪ ב-הטורקי

🏷️ וודקה בלוגה בוטניקלז אגס טיליה ליטר
   בנא משקאות: 190₪, משקאות המשמח: 199₪, דרך היין: 200₪
   👇 זול: 190₪ ב-בנא משקאות

🏷️ וודקה בלוגה בוטניקלז ורד ליים ליטר
   בנא משקאות: 190₪, משקאות המשמח: 199₪, דרך היין: 200₪
   👇 זול: 190₪ ב-בנא משקאות

🏷️ וודקה בלוגה בוטניקלז מלפפון מנטה ליטר
   בנא משקאות: 190₪, משקאות המשמח: 199₪, דרך היין: 200₪
   👇 זול: 190₪ ב-בנא משקאות

🏷️ וודקה בלוגה בוטניקלס אגס ולינדין
   הטורקי: 199₪
   🦃 הטורקי: 199₪
   👇 זול: 199₪ ב-הטורקי

🏷️ וודקה בלוגה בוטניקלס וורדים וליים
   הטורקי: 199₪
   🦃 הטורקי: 199₪
   👇 זול: 199₪ ב-הטורקי

🏷️ וודקה בלוגה בוטניקלס מלפפון ומנטה
   הטורקי: 199₪
   🦃 הטורקי: 199₪
   👇 זול: 199₪ ב-הטורקי

🏷️ בלוגה גולד בקופסת עור- ליטר!
   פאנקו: 399₪, פאנקו: 399₪
   👇 זול: 399₪ ב-פאנקו

🏷️ וודקה בלוגה גולד ליטר (Beluga Gold)
   אלכוהום: 390₪
   👇 זול: 390₪ ב-אלכוהום

🏷️ וודקה בלוגה גולד ליין בקופסת עור 700 מ”ל BELUGA GOLD
   Liquor Store: 319₪
   👇 זול: 319₪ ב-Liquor Store

🏷️ בלוגה גולד ליין פטיש 700 מ״ל
   Coffeco: 279₪
   👇 זול: 279₪ ב-Coffeco

🏷️ וודקה בלוגה גולד ליין 1.75 ליטר
   בנא משקאות: 700₪
   🦃 הטורקי: 319₪
   👇 זול: 700₪ ב-בנא משקאות

🏷️ וודקה בלוגה גולד ליין 700 מ"ל
   בנא משקאות: 325₪
   🦃 הטורקי: 319₪
   👇 זול: 325₪ ב-בנא משקאות

🏷️ וודקה בלוגה גולד ליין
   משקאות המשמח: 259₪, בית היין: 310₪, הטורקי: 319₪, דרך היין: 330₪
   🦃 הטורקי: 319₪
   👇 זול: 259₪ ב-משקאות המשמח
   💰 חיסכון: 60₪ (19%)

🏷️ בלוגה הנטינג הרבל ביטר
   דרך היין: 150₪
   👇 זול: 150₪ ב-דרך היין

🏷️ וודקה בלוגה טראנסאטלנטיק ליטר
   הטורקי: 200₪
   🦃 הטורקי: 200₪
   👇 זול: 200₪ ב-הטורקי

🏷️ וודקה בלוגה טראנסאטלנטיק 750 מ"ל
   בית היין: 160₪
   👇 זול: 160₪ ב-בית היין

🏷️ וודקה בלוגה טרנס אטלנטיק 700 מ״ל (Beluga Transatlantic)
   אלכוהום: 135₪
   👇 זול: 135₪ ב-אלכוהום

🏷️ וודקה בלוגה טרנס אטלנטיק ליטר
   בנא משקאות: 180₪, דרך היין: 200₪, אלכוהום: 200₪, דרך היין: 220₪
   👇 זול: 180₪ ב-בנא משקאות

🏷️ וודקה בלוגה טרנס אטלנטיק 1.75 ליטר
   בנא משקאות: 435₪
   👇 זול: 435₪ ב-בנא משקאות

🏷️ וודקה בלוגה טרנס אטלנטיק 750 מ"ל
   בנא משקאות: 145₪
   👇 זול: 145₪ ב-בנא משקאות

🏷️ וודקה בלוגה טרנס אטלנטיק
   דרך היין: 157₪
   👇 זול: 157₪ ב-דרך היין

🏷️ בלוגה טרנסאטלנטיק 700 מ״ל
   Coffeco: 150₪
   👇 זול: 150₪ ב-Coffeco

🏷️ וודקה בלוגה טרנסאטלנטיק 700 מ”ל BELUGA TRANSATLANTIC
   Liquor Store: 129₪
   👇 זול: 129₪ ב-Liquor Store

🏷️ וודקה בלוגה טרנסאטלנטיק 1 ליטר BELUGA TRANSATLANTIC
   Liquor Store: 189₪
   👇 זול: 189₪ ב-Liquor Store

🏷️ בלוגה טרנסאטלנטיק ליטר
   בית היין: 198₪
   👇 זול: 198₪ ב-בית היין

🏷️ בלוגה טרנסאטלנטיק 1 ליטר
   Coffeco: 190₪
   👇 זול: 190₪ ב-Coffeco

🏷️ בלוגה טרנסאטלנטיק
   פאנקו: 120₪, פאנקו: 120₪
   👇 זול: 120₪ ב-פאנקו

🏷️ בלוגה ליטר + 6 יחידות אקסל + שקית קרח
   ארי משקאות: 175₪
   👇 זול: 175₪ ב-ארי משקאות

🏷️ בלוגה ליטר + 6 יחידות אקסל
   ארי משקאות: 185₪
   👇 זול: 185₪ ב-ארי משקאות

🏷️ בלוגה ליטר+ 6 יחידות בלו
   ארי משקאות: 165₪
   👇 זול: 165₪ ב-ארי משקאות

🏷️ וודקה בלוגה ליטר
   בנא משקאות: 150₪, הטורקי: 155₪, משקאות המשמח: 159₪, ארי משקאות: 165₪
   🦃 הטורקי: 155₪
   👇 זול: 150₪ ב-בנא משקאות

🏷️ וודקה בלוגה נובל 750 מ”ל (Beluga Noble)
   אלכוהום: 135₪
   👇 זול: 135₪ ב-אלכוהום

🏷️ וודקה בלוגה נובל 1 ליטר BELUGA NOBLE
   Liquor Store: 169₪
   👇 זול: 169₪ ב-Liquor Store

🏷️ וודקה בלוגה נובל ליטר (Beluga Noble 1LT)
   אלכוהום: 150₪, בית היין: 165₪
   👇 זול: 150₪ ב-אלכוהום

🏷️ בלוגה נובל- ליטר
   פאנקו: 145₪, פאנקו: 145₪
   👇 זול: 145₪ ב-פאנקו

🏷️ וודקה בלוגה נובל 3 ליטר
   בנא משקאות: 890₪
   👇 זול: 890₪ ב-בנא משקאות

🏷️ בלוגה נובל 700 מ"ל
   פאנקו: 125₪, פאנקו: 125₪
   👇 זול: 125₪ ב-פאנקו

🏷️ וודקה בלוגה 1.5 ליטר סלבריישן (Beluga Celebration Vodka 1.5 L)
   אלכוהום: 280₪
   👇 זול: 280₪ ב-אלכוהום

🏷️ וודקה בלוגה סלבריישן 700
   דרך היין: 142₪
   👇 זול: 142₪ ב-דרך היין

🏷️ וודקה בלוגה סלבריישן 1 ליטר BELUGA CELEBRATION
   Liquor Store: 129₪
   👇 זול: 129₪ ב-Liquor Store

🏷️ וודקה בלוגה סלבריישן ליטר
   בנא משקאות: 165₪
   👇 זול: 165₪ ב-בנא משקאות

🏷️ בלוגה סלבריישן 1 ליטר
   Coffeco: 150₪
   👇 זול: 150₪ ב-Coffeco

🏷️ וודקה בלוגה 1 ליטר
   Coffeco: 155₪, Alcohol123: 155₪
   👇 זול: 155₪ ב-Coffeco

🏷️ וודקה בלוגה 1.75 ליטר
   הטורקי: 319₪, בנא משקאות: 375₪
   🦃 הטורקי: 319₪
   👇 זול: 319₪ ב-הטורקי

🏷️ בלוגה 3 ליטר
   ארי משקאות: 750₪
   👇 זול: 750₪ ב-ארי משקאות

🏷️ וודקה בלוגה 500 מ"ל
   בנא משקאות: 85₪
   👇 זול: 85₪ ב-בנא משקאות

🏷️ וודקה בלוגה 700 מ"ל
   הטורקי: 125₪, משקאות המשמח: 129₪, בנא משקאות: 140₪
   🦃 הטורקי: 125₪
   👇 זול: 125₪ ב-הטורקי

🏷️ בלוגהבוטניקלז ורד ליים ליטר
   היבואן: 200₪
   👇 זול: 200₪ ב-היבואן

🏷️ בלוגהגולד אריזת עור
   היבואן: 279₪
   👇 זול: 279₪ ב-היבואן

🏷️ בלוגהנובל טרנסאטלנטיק בלו נייבי
   היבואן: 146₪
   👇 זול: 146₪ ב-היבואן

🏷️ בלוגהנובל טרנסאטלנטיק
   היבואן: 159₪
   👇 זול: 159₪ ב-היבואן

🏷️ בלוגהנובל סלבריישן
   היבואן: 135₪
   👇 זול: 135₪ ב-היבואן

🏷️ יצירת אומנות במסגרת תמונה בלוגה Beluga
   Liquor Store: 499₪
   👇 זול: 499₪ ב-Liquor Store

🏷️ יצירת אומנות במסגרת תמונה בלוגה מהדורה מיוחדת רקע לבן Beluga
   Liquor Store: 499₪
   👇 זול: 499₪ ב-Liquor Store

🏷️ יצירת אומנות במסגרת תמונה בלוגה מהדורה מיוחדת רקע שחור Beluga
   Liquor Store: 499₪
   👇 זול: 499₪ ב-Liquor Store

🔥 *מבצעים וחיסכון:*
   🔥 מבצע! וודקה בלוגה 500 מ”ל ב-דרך היין: 110₪
   🔥 מבצע! וודקה בלוגה אלור 750 ב-דרך היין: 190₪
   💰 וודקה בלוגה אלור 750 מ"ל — 150₪ ב-בנא משקאות (הטורקי 229₪, חיסכון 35%)
   🔥 מבצע! וודקה בלוגה אלור 750 מ"ל ב-בנא משקאות: 150₪
   🔥 מבצע! וודקה בלוגה גולד ליטר (Beluga Gold) ב-אלכוהום: 390₪
   💰 וודקה בלוגה גולד ליין — 259₪ ב-משקאות המשמח (הטורקי 319₪, חיסכון 19%)
   🔥 מבצע! וודקה בלוגה גולד ליין ב-משקאות המשמח: 259₪
   🔥 מבצע! בלוגה הנטינג הרבל ביטר ב-דרך היין: 150₪
   🔥 מבצע! וודקה בלוגה טראנסאטלנטיק 750 מ"ל ב-בית היין: 160₪
   🔥 מבצע! וודקה בלוגה טרנס אטלנטיק 700 מ״ל (Beluga Transatlantic) ב-אלכוהום: 135₪

⏱️ 2026-06-20T20:48

==================================================
🔎 *רוסקי סטנדרט*
==================================================

🦃 הטורקי (API)...
   ✅ וודקה רוסקי סטנדרט 700 מ"ל (700ml): 65₪
   ✅ וודקה רוסקי סטנדרט 1 ליטר (1000ml): 85₪
   ✅ וודקה רוסקי סטנדרט פלטינום ליטר (1000ml): 109₪

🏪 שאר החנויות (אחת אחרי שנייה)...
   ✅
   ✅
   ✅
   ✅
   ✅
   ✅
   ✅
   ✅
   ✅
   ✅
   ✅
   ✅
   ✅
   ✅
   ✅
   ✅
   ✅
   ✅

📊 בונים דוח...
📁 JSON: data/רוסקי_סטנדרט_20260620_205115.json
📄 דוח: data/רוסקי_סטנדרט_20260620_205115.txt
  📄 CSV מעקב: data/price_tracking_רוסקי_סטנדרט.csv (עודכן)
  📄 CSV saved: data/turk_products_רוסקי_סטנדרט_20260620_205115.csv

📊 *טורקי פרייס אינטליג׳נס*
🔎 *רוסקי סטנדרט*

*12/19* חנויות הגיבו

📊 דוח השוואת מחירים: רוסקי סטנדרט
   נבדקו 19 חנויות, 12 מצאו תוצאות

🏷️ מיני וודקה רוסקי סטנדרט 50 מ"ל
   בנא משקאות: 10₪
   👇 זול: 10₪ ב-בנא משקאות

🏷️ רוסקי סטנדרט 1.5 ליטר (Russian Standard 1.5L)
   אלכוהום: 130₪
   👇 זול: 130₪ ב-אלכוהום

🏷️ רוסקי סטנדרט - ליטר
   פאנקו: 85₪, פאנקו: 85₪
   👇 זול: 85₪ ב-פאנקו

🏷️ וודקה רוסקי סטנדרט 200 מ״ל
   Coffeco: 25₪
   👇 זול: 25₪ ב-Coffeco

🏷️ וודקה רוסקי סטנדרט 200 מ”ל RUSSIAN STANDARD
   Liquor Store: 35₪
   👇 זול: 35₪ ב-Liquor Store

🏷️ וודקה רוסקי סטנדרט 200 מ”ל
   Alcohol123: 25₪
   👇 זול: 25₪ ב-Alcohol123

🏷️ וודקה רוסקי סטנדרט 500 מ״ל RUSSIAN STANDARD
   Liquor Store: 49₪
   👇 זול: 49₪ ב-Liquor Store

🏷️ וודקה רוסקי סטנדרט 500 מ״ל
   Coffeco: 55₪
   👇 זול: 55₪ ב-Coffeco

🏷️ רוסקי סטנדרט 500 מ”ל
   Alcohol123: 58₪
   👇 זול: 58₪ ב-Alcohol123

🏷️ וודקה רוסקי סטנדרט 700 מ״ל RUSSIAN STANDARD
   Liquor Store: 69₪
   👇 זול: 69₪ ב-Liquor Store

🏷️ וודקה רוסקי סטנדרט 700 מ״ל
   Coffeco: 75₪
   👇 זול: 75₪ ב-Coffeco

🏷️ וודקה רוסקי סטנדרט 700 מ”ל (Russian Standard)
   Alcohol123: 65₪, אלכוהום: 70₪
   👇 זול: 65₪ ב-Alcohol123

🏷️ וודקה רוסקי סטנדרט 750 מ”ל
   דרך היין: 73₪
   👇 זול: 73₪ ב-דרך היין

🏷️ וודקה רוסקי סטנדרט 1 ליטר RUSSIAN STANDARD
   Liquor Store: 85₪
   👇 זול: 85₪ ב-Liquor Store

🏷️ רוסקי סטנדרט גולד 1 ליטר Russian Standard Gold
   Liquor Store: 109₪
   👇 זול: 109₪ ב-Liquor Store

🏷️ וודקה רוסקי סטנדרט גולד 700 מ"ל
   בנא משקאות: 87₪
   👇 זול: 87₪ ב-בנא משקאות

🏷️ וודקה רוסקי סטנדרט גולד
   בית היין: 78₪, דרך היין: 130₪
   👇 זול: 78₪ ב-בית היין

🏷️ רוסקי סטנדרט ליטר + 6 יחידות אקסל + שקית קרח
   ארי משקאות: 125₪
   👇 זול: 125₪ ב-ארי משקאות

🏷️ רוסקי סטנדרט ליטר + 6 יחידות בלו
   ארי משקאות: 120₪
   👇 זול: 120₪ ב-ארי משקאות

🏷️ וודקה רוסקי סטנדרט ליטר
   אלכוהום: 85₪, בנא משקאות: 88₪, ארי משקאות: 90₪, בית היין: 90₪
   👇 זול: 85₪ ב-אלכוהום

🏷️ רוסקי סטנדרט פלטינום 1 ליטר Russian Standard Platinum
   Liquor Store: 109₪
   👇 זול: 109₪ ב-Liquor Store

🏷️ וודקה רוסקי סטנדרט פלטינום ליטר (Russian Standard Platinum 1L)
   אלכוהום: 120₪
   👇 זול: 120₪ ב-אלכוהום

🏷️ וודקה רוסקי סטנדרט פלטינום ליטר
   הטורקי: 109₪
   🦃 הטורקי: 109₪
   👇 זול: 109₪ ב-הטורקי

🏷️ וודקה רוסקי סטנדרט פלטינום 700 מ"ל
   בנא משקאות: 88₪
   👇 זול: 88₪ ב-בנא משקאות

🏷️ רוסקי סטנדרט פלטינום
   בית היין: 85₪
   👇 זול: 85₪ ב-בית היין

🏷️ וודקה רוסקי סטנדרט 1 ליטר
   הטורקי: 85₪, Alcohol123: 89₪, Coffeco: 90₪, משקאות המשמח: 99₪
   🦃 הטורקי: 85₪
   👇 זול: 85₪ ב-הטורקי

🏷️ וודקה רוסקי סטנדרט 1.5 ליטר
   בנא משקאות: 180₪
   👇 זול: 180₪ ב-בנא משקאות

🏷️ רוסקי סטנדרט 200 מ"ל
   בית היין: 25₪
   👇 זול: 25₪ ב-בית היין

🏷️ וודקה רוסקי סטנדרט 3 ליטר
   בנא משקאות: 350₪
   👇 זול: 350₪ ב-בנא משקאות

🏷️ וודקה רוסקי סטנדרט 500 מ"ל
   בנא משקאות: 52₪, בית היין: 58₪
   👇 זול: 52₪ ב-בנא משקאות

🏷️ וודקה רוסקי סטנדרט 700 מ"ל
   הטורקי: 65₪, בנא משקאות: 70₪, בית היין: 70₪, משקאות המשמח: 79₪
   🦃 הטורקי: 65₪
   👇 זול: 65₪ ב-הטורקי

🏷️ רוסקיסטנדרט1.5 ליטר
   היבואן: 130₪
   👇 זול: 130₪ ב-היבואן

🏷️ רוסקיסטנדרט750 מ"ל
   היבואן: 69₪
   👇 זול: 69₪ ב-היבואן

🏷️ רוסקיסטנדרטגולד ליטר
   היבואן: 109₪
   👇 זול: 109₪ ב-היבואן

🏷️ רוסקיסטנדרטפלטינום 750 מ"ל
   היבואן: 85₪
   👇 זול: 85₪ ב-היבואן

🔥 *מבצעים וחיסכון:*
   🔥 מבצע! רוסקי סטנדרט 1.5 ליטר (Russian Standard 1.5L) ב-אלכוהום: 130₪
   🔥 מבצע! רוסקי סטנדרט - ליטר ב-פאנקו: 85₪
   🔥 מבצע! רוסקי סטנדרט - ליטר ב-פאנקו: 85₪
   🔥 מבצע! וודקה רוסקי סטנדרט 700 מ״ל RUSSIAN STANDARD ב-Liquor Store: 69₪
   🔥 מבצע! וודקה רוסקי סטנדרט 750 מ”ל ב-דרך היין: 73₪
   🔥 מבצע! רוסקי סטנדרט גולד 1 ליטר Russian Standard Gold ב-Liquor Store: 109₪
   🔥 מבצע! וודקה רוסקי סטנדרט גולד ב-דרך היין: 130₪
   🔥 מבצע! וודקה רוסקי סטנדרט ליטר ב-אלכוהום: 85₪
   🔥 מבצע! רוסקי סטנדרט פלטינום 1 ליטר Russian Standard Platinum ב-Liquor Store: 109₪
   🔥 מבצע! רוסקי סטנדרט פלטינום ב-בית היין: 85₪

⏱️ 2026-06-20T20:51

==================================================
🔎 *ירדן קברנה סוביניון 2022*
==================================================

🦃 הטורקי (API)...
   ✅ יין אדום יקב רמת הגולן ירדן קברנה סוביניון 2022 (750ml): 145₪
   ✅ יין אדום ברקן גולד אדישן קברנה סוביניון 2022 (750ml): 50₪
   ✅ יין אדום יקב ציון קפיטל קברנה סוביניון 2022 (750ml): 59₪
   ✅ יין אדום עמק האלה אסטייט קברנה סוביניון 2022 (750ml): 89₪
   ✅ יין אדום מוני רזרב קברנה סוביניון 2022 (750ml): 95₪

🏪 שאר החנויות (אחת אחרי שנייה)...
   ✅
   ✅
   ✅
   ✅
   ✅
   ✅
   ✅
   ✅
   ✅
   ✅
   ✅
   ✅
   ✅
   ✅
   ✅
   ✅
   ✅
   ✅

📊 בונים דוח...
📁 JSON: data/ירדן_קברנה_סוביניון_2022_20260620_205341.json
📄 דוח: data/ירדן_קברנה_סוביניון_2022_20260620_205341.txt
  📄 CSV מעקב: data/price_tracking_ירדן_קברנה_סוביניון_2022.csv (עודכן)
  📄 CSV saved: data/turk_products_ירדן_קברנה_סוביניון_2022_20260620_205341.csv

📊 *טורקי פרייס אינטליג׳נס*
🔎 *ירדן קברנה סוביניון 2022*

*12/19* חנויות הגיבו

📊 דוח השוואת מחירים: ירדן קברנה סוביניון 2022
   נבדקו 19 חנויות, 12 מצאו תוצאות

🏷️ יין אדום 1848 דור 7 קברנה סוביניון 2022
   הטורקי: 155₪
   🦃 הטורקי: 155₪
   👇 זול: 155₪ ב-הטורקי

🏷️ יין אדום ברקן גולד אדישן קברנה סוביניון 2022
   הטורקי: 50₪
   🦃 הטורקי: 50₪
   👇 זול: 50₪ ב-הטורקי

🏷️ יין אדום גוש עציון האלון הבודד קברנה סוביניון 2022
   הטורקי: 165₪
   🦃 הטורקי: 165₪
   👇 זול: 165₪ ב-הטורקי

🏷️ יין אדום הר אודם רזרב קברנה סוביניון 2022
   הטורקי: 119₪
   🦃 הטורקי: 119₪
   👇 זול: 119₪ ב-הטורקי

🏷️ יין אדום טורא קברנה סוביניון 2022
   הטורקי: 139₪
   🦃 הטורקי: 139₪
   👇 זול: 139₪ ב-הטורקי

🏷️ יין אדום יקב ציון קפיטל קברנה סוביניון 2022
   הטורקי: 59₪
   🦃 הטורקי: 59₪
   👇 זול: 59₪ ב-הטורקי

🏷️ יין אדום יקב רמת הגולן גמלא קברנה סוביניון מגנום 2022
   הטורקי: 179₪
   🦃 הטורקי: 179₪
   👇 זול: 179₪ ב-הטורקי

🏷️ יין אדום יקב רמת הגולן ירדן קברנה סוביניון 2021
   הטורקי: 199₪
   🦃 הטורקי: 199₪
   👇 זול: 199₪ ב-הטורקי

🏷️ יין אדום יקב רמת הגולן ירדן קברנה סוביניון 2022
   הטורקי: 145₪
   🦃 הטורקי: 145₪
   👇 זול: 145₪ ב-הטורקי

🏷️ יין אדום יקב רמת הגולן ירדן קברנה פרנק 2022
   הטורקי: 139₪
   🦃 הטורקי: 139₪
   👇 זול: 139₪ ב-הטורקי

🏷️ יין אדום ירדן קברנה סוביניון
   Alcohol123: 149₪
   👇 זול: 149₪ ב-Alcohol123

🏷️ יין אדום מוני רזרב קברנה סוביניון 2022
   הטורקי: 95₪
   🦃 הטורקי: 95₪
   👇 זול: 95₪ ב-הטורקי

🏷️ יין אדום נעמן קברנה סוביניון 2022
   הטורקי: 150₪
   🦃 הטורקי: 150₪
   👇 זול: 150₪ ב-הטורקי

🏷️ יין אדום עמק האלה אסטייט קברנה סוביניון 2022
   הטורקי: 89₪
   🦃 הטורקי: 89₪
   👇 זול: 89₪ ב-הטורקי

🏷️ יין אדום פסגות קברנה סוביניון 2022
   הטורקי: 99₪
   🦃 הטורקי: 99₪
   👇 זול: 99₪ ב-הטורקי

🏷️ יין אדום שילה סוד קברנה סוביניון 2022
   הטורקי: 139₪
   🦃 הטורקי: 139₪
   👇 זול: 139₪ ב-הטורקי

🏷️ ירדן אלוני הבשן ק.ס
   פאנקו: 310₪, פאנקו: 310₪, דרך היין: 330₪
   👇 זול: 310₪ ב-פאנקו

🏷️ ירדן בראון ק.ס
   דרך היין: 330₪
   👇 זול: 330₪ ב-דרך היין

🏷️ ירדן בראון קברנה סוביניון 2016
   Liquor Store: 349₪
   👇 זול: 349₪ ב-Liquor Store

🏷️ ירדן בראון קברנה סוביניון 2017
   Liquor Store: 349₪
   👇 זול: 349₪ ב-Liquor Store

🏷️ ירדן בראון קברנה סוביניון 2019
   Liquor Store: 299₪
   👇 זול: 299₪ ב-Liquor Store

🏷️ ירדן בראון קברנה סוביניון
   Liquor Store: 299₪
   👇 זול: 299₪ ב-Liquor Store

🏷️ ירדן כרם אלוני הבשן קברנה סוביניון 2018
   Liquor Store: 249₪, בית היין: 315₪
   👇 זול: 249₪ ב-Liquor Store

🏷️ ירדן כרם אלוני הבשן קברנה סוביניון 2020
   Liquor Store: 299₪
   👇 זול: 299₪ ב-Liquor Store

🏷️ יין ירדן כרם אלוני הבשן קברנה סוביניון בציר 2021
   בית היין: 315₪
   👇 זול: 315₪ ב-בית היין

🏷️ ירדן כרם אלוני הבשן קברנה סוביניון בציר 2022
   בית היין: 320₪
   👇 זול: 320₪ ב-בית היין

🏷️ ירדן כרם אלרום קברנה סוביניון 2016
   בית היין: 550₪
   👇 זול: 550₪ ב-בית היין

🏷️ ירדן כרם אלרום קברנה סוביניון 2018
   בית היין: 465₪
   👇 זול: 465₪ ב-בית היין

🏷️ יין ירדן כרם אלרום קברנה סוביניון 21
   בנא משקאות: 400₪
   👇 זול: 400₪ ב-בנא משקאות

🏷️ יין ירדן כרם אלרום קברנה סוביניון 22
   בנא משקאות: 350₪
   👇 זול: 350₪ ב-בנא משקאות

🏷️ ירדן כרם אלרום קברנה סוביניון בציר 2020
   בית היין: 499₪
   👇 זול: 499₪ ב-בית היין

🏷️ ירדן כרם אלרום קברנה סוביניון בציר 2021
   בית היין: 320₪
   👇 זול: 320₪ ב-בית היין

🏷️ ירדן כרם אלרום קברנה סוביניון בציר 2022
   בית היין: 320₪
   👇 זול: 320₪ ב-בית היין

🏷️ ירדן כרם בראון קברנה סוביניון 2016
   בית היין: 600₪
   👇 זול: 600₪ ב-בית היין

🏷️ יין ירדן כרם בראון קברנה סוביניון 2020
   בנא משקאות: 280₪
   👇 זול: 280₪ ב-בנא משקאות

🏷️ יין ירדן כרם בראון קברנה סוביניון 2021
   בנא משקאות: 400₪
   👇 זול: 400₪ ב-בנא משקאות

🏷️ יין ירדן כרם בראון קברנה סוביניון בציר 2020
   בית היין: 450₪
   👇 זול: 450₪ ב-בית היין

🏷️ יין ירדן כרם בראון קברנה סוביניון בציר 2021
   בית היין: 320₪
   👇 זול: 320₪ ב-בית היין

🏷️ ירדן כרם בראון קברנה סוביניון (Yarden Baron Vineyard Cabernet Sauvignon)
   אלכוהום: 329₪
   👇 זול: 329₪ ב-אלכוהום

🏷️ ירדן כרם יונתן קברנה סוביניון 2013
   בית היין: 590₪
   👇 זול: 590₪ ב-בית היין

🏷️ ירדן ק.ס 2022
   דרך היין: 140₪
   👇 זול: 140₪ ב-דרך היין

🏷️ ירדן קברנה סוביניון-בציר 2021
   פאנקו: 189₪, פאנקו: 189₪
   👇 זול: 189₪ ב-פאנקו

🏷️ ירדן קברנה סוביניון-בציר 2022
   פאנקו: 139₪, פאנקו: 139₪
   👇 זול: 139₪ ב-פאנקו

🏷️ ירדן קברנה סוביניון 2012
   Liquor Store: 249₪
   👇 זול: 249₪ ב-Liquor Store

🏷️ ירדן קברנה סוביניון 2014
   Liquor Store: 219₪
   👇 זול: 219₪ ב-Liquor Store

🏷️ ירדן קברנה סוביניון 2016
   משקאות המשמח: 379₪
   👇 זול: 379₪ ב-משקאות המשמח

🏷️ ירדן קברנה סוביניון 2017 מגנום
   Liquor Store: 690₪
   👇 זול: 690₪ ב-Liquor Store

🏷️ ירדן קברנה סוביניון 2017
   Liquor Store: 129₪
   👇 זול: 129₪ ב-Liquor Store

🏷️ ירדן קברנה סוביניון 2018
   Liquor Store: 279₪
   👇 זול: 279₪ ב-Liquor Store

🏷️ ירדן קברנה סוביניון 2019 (Yarden Cabernet Sauvignon 2019)
   אלכוהום: 339₪
   👇 זול: 339₪ ב-אלכוהום

🏷️ ירדן קברנה סוביניון 2020 רמת הגולן
   משקאות המשמח: 219₪
   👇 זול: 219₪ ב-משקאות המשמח

🏷️ ירדן קברנה סוביניון 2020 (Yarden Cabernet Sauvignon 2020)
   בית היין: 260₪, אלכוהום: 299₪
   👇 זול: 260₪ ב-בית היין

🏷️ ירדן קברנה סוביניון 2021
   Liquor Store: 209₪, אלכוהום: 269₪
   👇 זול: 209₪ ב-Liquor Store

🏷️ יין ירדן קברנה סוביניון 2022
   ארי משקאות: 120₪, משקאות המשמח: 135₪, אלכוהום: 140₪, בנא משקאות: 146₪
   👇 זול: 120₪ ב-ארי משקאות

🏷️ יין ירדן קברנה סוביניון בציר 2021
   בית היין: 220₪
   👇 זול: 220₪ ב-בית היין

🏷️ יין ירדן קברנה סוביניון בציר 2022
   בית היין: 139₪
   👇 זול: 139₪ ב-בית היין

🏷️ ירדן קברנה סוביניון כרם אל רום 2017
   אלכוהום: 1450₪
   👇 זול: 1450₪ ב-אלכוהום

🏷️ ירדן קברנה סוביניון כרם אלוני הבשן 2021 (Yarden Cabernet Sauvignon Allone Habashan)
   אלכוהום: 350₪
   👇 זול: 350₪ ב-אלכוהום

🏷️ ירדן קברנה סוביניון כרם אלוני הבשן (Yarden Cabernet Sauvignon Allone Habashan)
   אלכוהום: 289₪
   👇 זול: 289₪ ב-אלכוהום

🏷️ ירדן קברנה סוביניון כרם אלרום 2019 (Yarden Cabernet Sauvignon El Rom Vineyard 2019)
   אלכוהום: 600₪
   👇 זול: 600₪ ב-אלכוהום

🏷️ ירדן קברנה סוביניון כרם אלרום 2021 (Yarden Cabernet Sauvignon El Rom Vineyard 2021)
   אלכוהום: 500₪
   👇 זול: 500₪ ב-אלכוהום

🏷️ ירדן קברנה סוביניון כרם אלרום 2022 (Yarden Cabernet Sauvignon El Rom Vineyard )
   אלכוהום: 500₪
   👇 זול: 500₪ ב-אלכוהום

🏷️ ירדן קברנה סוביניון כרם בראון 2019
   משקאות המשמח: 389₪
   👇 זול: 389₪ ב-משקאות המשמח

🏷️ ירדן קברנה סוביניון מגנום 2014
   Liquor Store: 499₪
   👇 זול: 499₪ ב-Liquor Store

🏷️ ירדן קברנה סוביניון מגנום 2018 (Yarden Cabernet Sauvignon Magnum 2018)
   אלכוהום: 999₪
   👇 זול: 999₪ ב-אלכוהום

🏷️ ירדן קברנה סוביניון מגנום 2020 (Yarden Cabernet Sauvignon Magnum 2020)
   אלכוהום: 699₪
   👇 זול: 699₪ ב-אלכוהום

🏷️ ירדן קברנה סוביניון
   Coffeco: 165₪
   👇 זול: 165₪ ב-Coffeco

🏷️ ירדןקברנהסוביניון אלוני הבשן 21
   היבואן: 339₪
   👇 זול: 339₪ ב-היבואן

🏷️ ירדןקברנהסוביניון כרם בראון
   היבואן: 549₪
   👇 זול: 549₪ ב-היבואן

🔥 *מבצעים וחיסכון:*
   🔥 מבצע! ירדן כרם בראון קברנה סוביניון (Yarden Baron Vineyard Cabernet Sauvignon) ב-אלכוהום: 329₪
   🔥 מבצע! ירדן ק.ס 2022 ב-דרך היין: 140₪
   🔥 מבצע! יין ירדן קברנה סוביניון 2022 ב-אלכוהום: 140₪
   🔥 מבצע! יין ירדן קברנה סוביניון בציר 2022 ב-בית היין: 139₪
   🔥 מבצע! ירדן קברנה סוביניון כרם אלוני הבשן (Yarden Cabernet Sauvignon Allone Habashan) ב-אלכוהום: 289₪
   🔥 מבצע! ירדן קברנה סוביניון מגנום 2018 (Yarden Cabernet Sauvignon Magnum 2018) ב-אלכוהום: 999₪
   🔥 מבצע! ירדן קברנה סוביניון מגנום 2020 (Yarden Cabernet Sauvignon Magnum 2020) ב-אלכוהום: 699₪

⏱️ 2026-06-20T20:53

==================================================
🔎 *דלתון אסטייט קברנה*
==================================================

🦃 הטורקי (API)...
   ✅ יין אדום דלתון אסטייט קברנה סוביניון (750ml): 69₪
   ✅ יין אדום יקב ציון אסטייט קברנה סוביניון 2024 (750ml): 45₪
   ✅ יין אדום יקב ציון אסטייט קברנה חצי מתוק 2024 (750ml): 45₪
   ✅ יין לבן דלתון אסטייט פינו גרי (750ml): 69₪
   ✅ יין אדום דלתון אסטייט מרלו (750ml): 69₪

🏪 שאר החנויות (אחת אחרי שנייה)...
   ✅
   ✅
   ✅
   ✅
   ✅
   ✅
   ✅
   ✅
   ✅
   ✅
   ✅
   ✅
   ✅
   ✅
   ✅
   ✅
   ✅
   ✅

📊 בונים דוח...
📁 JSON: data/דלתון_אסטייט_קברנה_20260620_205611.json
📄 דוח: data/דלתון_אסטייט_קברנה_20260620_205611.txt
  📄 CSV מעקב: data/price_tracking_דלתון_אסטייט_קברנה.csv (עודכן)
  📄 CSV saved: data/turk_products_דלתון_אסטייט_קברנה_20260620_205611.csv

📊 *טורקי פרייס אינטליג׳נס*
🔎 *דלתון אסטייט קברנה*

*12/19* חנויות הגיבו

📊 דוח השוואת מחירים: דלתון אסטייט קברנה
   נבדקו 19 חנויות, 12 מצאו תוצאות

🏷️ יין אדום דלתון אסטייט מרלו
   Alcohol123: 60₪, הטורקי: 69₪
   🦃 הטורקי: 69₪
   👇 זול: 60₪ ב-Alcohol123
   💰 חיסכון: 9₪ (13%)

🏷️ יין אדום דלתון אסטייט פטיט סירה
   Alcohol123: 60₪, הטורקי: 69₪
   🦃 הטורקי: 69₪
   👇 זול: 60₪ ב-Alcohol123
   💰 חיסכון: 9₪ (13%)

🏷️ יין אדום דלתון אסטייט קברנה סוביניון
   Alcohol123: 60₪, הטורקי: 69₪
   🦃 הטורקי: 69₪
   👇 זול: 60₪ ב-Alcohol123
   💰 חיסכון: 9₪ (13%)

🏷️ יין אדום דלתון אסטייט שיראז
   Alcohol123: 60₪, הטורקי: 69₪
   🦃 הטורקי: 69₪
   👇 זול: 60₪ ב-Alcohol123
   💰 חיסכון: 9₪ (13%)

🏷️ יין אדום דלתון פמילי קולקשן קברנה סוביניון
   הטורקי: 125₪
   🦃 הטורקי: 125₪
   👇 זול: 125₪ ב-הטורקי

🏷️ יין אדום יקב ציון אסטייט קברנה חצי מתוק 2024
   הטורקי: 45₪
   🦃 הטורקי: 45₪
   👇 זול: 45₪ ב-הטורקי

🏷️ יין אדום יקב ציון אסטייט קברנה סוביניון 2024
   הטורקי: 45₪
   🦃 הטורקי: 45₪
   👇 זול: 45₪ ב-הטורקי

🏷️ יין אדום עמק האלה אסטייט קברנה סוביניון 2022
   הטורקי: 89₪
   🦃 הטורקי: 89₪
   👇 זול: 89₪ ב-הטורקי

🏷️ יין אדום עמק האלה אסטייט קברנה פרנק 2022
   הטורקי: 89₪
   🦃 הטורקי: 89₪
   👇 זול: 89₪ ב-הטורקי

🏷️ יין אדום תשבי אסטייט קברנה מרלו
   הטורקי: 89₪
   🦃 הטורקי: 89₪
   👇 זול: 89₪ ב-הטורקי

🏷️ יין אדום תשבי אסטייט קברנה סוביניון
   הטורקי: 89₪
   🦃 הטורקי: 89₪
   👇 זול: 89₪ ב-הטורקי

🏷️ יין דלתון אסטייט מרלו
   בנא משקאות: 65₪, Liquor Store: 65₪, בית היין: 65₪, אלכוהום: 70₪
   👇 זול: 65₪ ב-בנא משקאות

🏷️ יין דלתון אסטייט סוביניון בלאן פומה
   בית היין: 65₪
   👇 זול: 65₪ ב-בית היין

🏷️ יין דלתון אסטייט פומה בלאן
   בנא משקאות: 65₪, אלכוהום: 65₪
   👇 זול: 65₪ ב-בנא משקאות

🏷️ דלתון אסטייט פומה סובניון בלאן
   Liquor Store: 65₪
   👇 זול: 65₪ ב-Liquor Store

🏷️ יין דלתון אסטייט פטיט סירה
   בנא משקאות: 65₪, Liquor Store: 65₪, בית היין: 65₪, אלכוהום: 70₪
   👇 זול: 65₪ ב-בנא משקאות

🏷️ יין דלתון אסטייט פינו גרי
   בנא משקאות: 65₪, Liquor Store: 65₪
   👇 זול: 65₪ ב-בנא משקאות

🏷️ יין דלתון אסטייט קברנה סוביניון 375 מ"ל
   בנא משקאות: 38₪
   👇 זול: 38₪ ב-בנא משקאות

🏷️ יין דלתון אסטייט קברנה סוביניון
   בנא משקאות: 65₪, Liquor Store: 65₪, בית היין: 65₪, אלכוהום: 70₪
   👇 זול: 65₪ ב-בנא משקאות

🏷️ דלתון אסטייט רוזה
   משקאות המשמח: 59₪, Alcohol123: 60₪, אלכוהום: 65₪, Liquor Store: 65₪, בית היין: 65₪
   👇 זול: 59₪ ב-משקאות המשמח

🏷️ יין דלתון אסטייט שיראז
   בנא משקאות: 65₪, Liquor Store: 65₪, בית היין: 65₪
   👇 זול: 65₪ ב-בנא משקאות

🏷️ יין דלתון אסטייט שרדונה
   בנא משקאות: 65₪, אלכוהום: 65₪, בית היין: 65₪
   👇 זול: 65₪ ב-בנא משקאות

🏷️ יין דלתון כנען קברנה שיראז
   בית היין: 45₪
   👇 זול: 45₪ ב-בית היין

🏷️ יין דלתון כרם נדב קברנה פטי ורדו
   בנא משקאות: 160₪
   👇 זול: 160₪ ב-בנא משקאות

🏷️ דלתון מרלו אסטייט
   פאנקו: 65₪, פאנקו: 65₪
   👇 זול: 65₪ ב-פאנקו

🏷️ יין דלתון סוביניון בלאן פומה אסטייט
   Coffeco: 65₪
   👇 זול: 65₪ ב-Coffeco

🏷️ יין דלתון פטיט סירה אסטייט 2021
   Coffeco: 65₪
   👇 זול: 65₪ ב-Coffeco

🏷️ דלתון פטיט סירה אסטייט
   פאנקו: 65₪, פאנקו: 65₪, דרך היין: 70₪
   👇 זול: 65₪ ב-פאנקו

🏷️ יין דלתון פמילי קולקשן קברנה סוביניון
   בנא משקאות: 125₪
   👇 זול: 125₪ ב-בנא משקאות

🏷️ דלתון ק.ס רזרב
   דרך היין: 140₪
   👇 זול: 140₪ ב-דרך היין

🏷️ דלתון קברנה סוביניון Family Collection
   פאנקו: 89₪, פאנקו: 89₪
   👇 זול: 89₪ ב-פאנקו

🏷️ דלתון קברנה סוביניון אסטייט
   Coffeco: 65₪, פאנקו: 66₪, פאנקו: 66₪, דרך היין: 75₪
   👇 זול: 65₪ ב-Coffeco

🏷️ דלתון קברנה סוביניון כרם אלקוש SV
   פאנקו: 170₪, פאנקו: 170₪
   👇 זול: 170₪ ב-פאנקו

🏷️ דלתון קברנה סוביניון כרם נדב
   דרך היין: 185₪
   👇 זול: 185₪ ב-דרך היין

🏷️ דלתון קברנה סוביניון כרם צבעון
   Liquor Store: 169₪
   👇 זול: 169₪ ב-Liquor Store

🏷️ דלתון קברנה סוביניון פטיט ורדו כרם נדב
   Liquor Store: 149₪
   👇 זול: 149₪ ב-Liquor Store

🏷️ דלתון קברנה סוביניון פמילי קולקשיין
   דרך היין: 130₪
   👇 זול: 130₪ ב-דרך היין

🏷️ דלתון קברנה סוביניון רזרב
   משקאות המשמח: 109₪
   👇 זול: 109₪ ב-משקאות המשמח

🏷️ דלתון קברנה סובניון
   משקאות המשמח: 59₪
   👇 זול: 59₪ ב-משקאות המשמח

🏷️ דלתון קברנה פראנק Family Collection
   פאנקו: 109₪, פאנקו: 109₪
   👇 זול: 109₪ ב-פאנקו

🏷️ דלתון קברנה שיראז מהדורה חגיגית 30 שנה
   פאנקו: 65₪, פאנקו: 65₪
   👇 זול: 65₪ ב-פאנקו

🏷️ יין דלתון רוזה אסטייט יבש
   בנא משקאות: 58₪
   👇 זול: 58₪ ב-בנא משקאות

🏷️ דלתון רוזה אסטייט
   פאנקו: 65₪, פאנקו: 65₪, Coffeco: 65₪
   👇 זול: 65₪ ב-פאנקו

🏷️ דלתון רזרב קברנה סוביניון
   Liquor Store: 109₪
   👇 זול: 109₪ ב-Liquor Store

🏷️ דלתון שיראז אסטייט
   פאנקו: 65₪, פאנקו: 65₪, Coffeco: 65₪
   👇 זול: 65₪ ב-פאנקו

🏷️ דלתון שרדונה אסטייט
   משקאות המשמח: 59₪, פאנקו: 65₪, פאנקו: 65₪, Coffeco: 65₪
   👇 זול: 59₪ ב-משקאות המשמח

🏷️ דלתוןאסטייטארומטיק
   היבואן: 60₪
   👇 זול: 60₪ ב-היבואן

🏷️ דלתוןאסטייטמרלו
   היבואן: 60₪
   👇 זול: 60₪ ב-היבואן

🏷️ דלתוןאסטייטפומה בלאן
   היבואן: 62₪
   👇 זול: 62₪ ב-היבואן

🏷️ דלתוןאסטייטפטיט סירה
   היבואן: 62₪
   👇 זול: 62₪ ב-היבואן

🏷️ דלתוןאסטייטפינו גרי
   היבואן: 60₪
   👇 זול: 60₪ ב-היבואן

🏷️ דלתוןאסטייטקברנה סוביניון
   היבואן: 60₪
   👇 זול: 60₪ ב-היבואן

🏷️ דלתוןאסטייטרוזה
   היבואן: 60₪
   👇 זול: 60₪ ב-היבואן

🏷️ דלתוןאסטייטשנין בלאן
   היבואן: 60₪
   👇 זול: 60₪ ב-היבואן

🏷️ דלתוןאסטייטשרדונה
   היבואן: 60₪
   👇 זול: 60₪ ב-היבואן

🏷️ יקב ציון אסטייט קברנה סוביניון
   פאנקו: 45₪, פאנקו: 45₪
   👇 זול: 45₪ ב-פאנקו

🏷️ יין לבן דלתון אסטייט סוביניון בלאן פומה
   Alcohol123: 60₪
   👇 זול: 60₪ ב-Alcohol123

🏷️ יין לבן דלתון אסטייט פומה בלאן
   הטורקי: 69₪
   🦃 הטורקי: 69₪
   👇 זול: 69₪ ב-הטורקי

🏷️ יין לבן דלתון אסטייט פינו גרי
   הטורקי: 69₪
   🦃 הטורקי: 69₪
   👇 זול: 69₪ ב-הטורקי

🏷️ יין לבן דלתון אסטייט שרדונה
   הטורקי: 69₪
   🦃 הטורקי: 69₪
   👇 זול: 69₪ ב-הטורקי

🏷️ מיקס יינות קברנה (פלטינום/קסטל/דלתון)750 מל'
   אליאסי משקאות: 200₪, אליאסי משקאות: 200₪, אליאסי משקאות: 200₪, אליאסי משקאות: 200₪
   👇 זול: 200₪ ב-אליאסי משקאות

🏷️ עמק האלה אסטייט קברנה סוביניון
   פאנקו: 85₪, פאנקו: 85₪
   👇 זול: 85₪ ב-פאנקו

🏷️ עמק האלה אסטייט קברנה פרנק
   פאנקו: 85₪, פאנקו: 85₪
   👇 זול: 85₪ ב-פאנקו

🏷️ יין רוזה דלתון אסטייט
   הטורקי: 69₪
   🦃 הטורקי: 69₪
   👇 זול: 69₪ ב-הטורקי

🏷️ שלישיית יינות דלתון אסטייט לבחירה ב₪149.9
   אלכוהום: 150₪
   👇 זול: 150₪ ב-אלכוהום

🔥 *מבצעים וחיסכון:*
   💰 יין אדום דלתון אסטייט מרלו — 60₪ ב-Alcohol123 (הטורקי 69₪, חיסכון 13%)
   💰 יין אדום דלתון אסטייט פטיט סירה — 60₪ ב-Alcohol123 (הטורקי 69₪, חיסכון 13%)
   💰 יין אדום דלתון אסטייט קברנה סוביניון — 60₪ ב-Alcohol123 (הטורקי 69₪, חיסכון 13%)
   💰 יין אדום דלתון אסטייט שיראז — 60₪ ב-Alcohol123 (הטורקי 69₪, חיסכון 13%)
   🔥 מבצע! דלתון קברנה סוביניון Family Collection ב-פאנקו: 89₪
   🔥 מבצע! דלתון קברנה סוביניון Family Collection ב-פאנקו: 89₪
   🔥 מבצע! דלתון קברנה סוביניון פטיט ורדו כרם נדב ב-Liquor Store: 149₪
   🔥 מבצע! שלישיית יינות דלתון אסטייט לבחירה ב₪149.9 ב-אלכוהום: 150₪

⏱️ 2026-06-20T20:56

==================================================
🔎 *ג'וני ווקר בלאק לייבל ליטר*
==================================================

🦃 הטורקי (API)...
   ✅ וויסקי ג'וני ווקר בלאק לייבל ליטר (1000ml): 155₪
   ✅ וויסקי ג'וני ווקר רד לייבל 700 מ"ל (700ml): 85₪
   ✅ וויסקי ג'וני ווקר רד לייבל 1 ליטר (1000ml): 109₪
   ✅ וויסקי ג'וני ווקר בלאק לייבל 700 מ"ל (700ml): 125₪
   ✅ וויסקי ג'וני ווקר בלאק לייבל משחקי הדיונון (700ml): 129₪

🏪 שאר החנויות (אחת אחרי שנייה)...
   ✅
   ✅
   ✅
   ✅
   ✅
   ✅
   ✅
   ✅
   ✅
   ✅
   ✅
   ✅
   ✅
   ✅
   ✅
   ✅
   ✅
   ✅

📊 בונים דוח...
📁 JSON: data/ג'וני_ווקר_בלאק_לייבל_ליטר_20260620_205840.json
📄 דוח: data/ג'וני_ווקר_בלאק_לייבל_ליטר_20260620_205840.txt
  📄 CSV מעקב: data/price_tracking_גוני_ווקר_בלאק_לייבל_ליטר.csv (עודכן)
  📄 CSV saved: data/turk_products_גוני_ווקר_בלאק_לייבל_ליטר_20260620_205840.csv

📊 *טורקי פרייס אינטליג׳נס*
🔎 *ג'וני ווקר בלאק לייבל ליטר*

*10/19* חנויות הגיבו

📊 דוח השוואת מחירים: ג'וני ווקר בלאק לייבל ליטר
   נבדקו 19 חנויות, 10 מצאו תוצאות

🏷️ ג'וני וווקר גולד לייבל ריזרב
   משקאות המשמח: 189₪
   👇 זול: 189₪ ב-משקאות המשמח

🏷️ ג'וני ווקר בלאק - מיניאטורה
   פאנקו: 16₪, פאנקו: 16₪
   👇 זול: 16₪ ב-פאנקו

🏷️ ג'וני ווקר בלאק טריפל קאסק- ליטר *מהדורה מיוחדת*
   פאנקו: 199₪, פאנקו: 199₪
   👇 זול: 199₪ ב-פאנקו

🏷️ ג'וני ווקר בלאק ליטר - כשר
   פאנקו: 130₪, פאנקו: 130₪
   👇 זול: 130₪ ב-פאנקו

🏷️ ג'וני ווקר בלאק ליטר עם פורר-כשר
   פאנקו: 150₪, פאנקו: 150₪
   👇 זול: 150₪ ב-פאנקו

🏷️ ג'וני ווקר בלאק לייבל טריפל קאסק
   Coffeco: 180₪
   👇 זול: 180₪ ב-Coffeco

🏷️ ג'וני ווקר בלאק לייבל ליטר – Johnnie Walker Black Label
   ארי משקאות: 145₪
   👇 זול: 145₪ ב-ארי משקאות

🏷️ וויסקי ג'וני ווקר בלאק לייבל ליטר
   בנא משקאות: 145₪, בית היין: 150₪, הטורקי: 155₪
   🦃 הטורקי: 155₪
   👇 זול: 145₪ ב-בנא משקאות
   💰 חיסכון: 10₪ (7%)

🏷️ וויסקי ג'וני ווקר בלאק לייבל משחקי הדיונון 700 מ"ל
   בנא משקאות: 122₪
   🦃 הטורקי: 129₪
   👇 זול: 122₪ ב-בנא משקאות
   💰 חיסכון: 7₪ (6%)

🏷️ וויסקי ג'וני ווקר בלאק לייבל משחקי הדיונון
   הטורקי: 129₪
   🦃 הטורקי: 129₪
   👇 זול: 129₪ ב-הטורקי

🏷️ וויסקי ג'וני ווקר בלאק לייבל 200 מ"ל פלסטיק
   בנא משקאות: 45₪
   👇 זול: 45₪ ב-בנא משקאות

🏷️ וויסקי ג'וני ווקר בלאק לייבל 200 מ"ל
   בית היין: 52₪, בנא משקאות: 60₪
   👇 זול: 52₪ ב-בית היין

🏷️ ג'וני ווקר בלאק לייבל 3 ליטר
   בית היין: 540₪
   👇 זול: 540₪ ב-בית היין

🏷️ וויסקי ג'וני ווקר בלאק לייבל 700 מ"ל
   בנא משקאות: 115₪, הטורקי: 125₪, בית היין: 125₪
   🦃 הטורקי: 125₪
   👇 זול: 115₪ ב-בנא משקאות
   💰 חיסכון: 10₪ (8%)

🏷️ ג'וני ווקר בלאק לייבל
   משקאות המשמח: 129₪, משקאות המשמח: 139₪
   👇 זול: 129₪ ב-משקאות המשמח

🏷️ ג'וני ווקר בלו לייבל - 750 מ"ל
   פאנקו: 549₪, פאנקו: 549₪
   👇 זול: 549₪ ב-פאנקו

🏷️ ג'וני ווקר בלו לייבל אומאמי – מהדורה מוגבלת
   משקאות המשמח: 1099₪
   👇 זול: 1099₪ ב-משקאות המשמח

🏷️ וויסקי ג'וני ווקר בלו לייבל אומאמי 700 מ"ל
   בנא משקאות: 1050₪
   👇 זול: 1050₪ ב-בנא משקאות

🏷️ וויסקי ג'וני ווקר בלו לייבל אייס שאלט 700 מ"ל
   בנא משקאות: 1550₪
   👇 זול: 1550₪ ב-בנא משקאות

🏷️ ג'וני ווקר בלו לייבל סיטי אוף מארס 2220
   בית היין: 630₪
   👇 זול: 630₪ ב-בית היין

🏷️ ג'וני ווקר בלו לייבל – לונדון 2220
   בית היין: 630₪
   👇 זול: 630₪ ב-בית היין

🏷️ וויסקי ג'וני ווקר בלו לייבל 200 מ"ל
   הטורקי: 199₪
   🦃 הטורקי: 199₪
   👇 זול: 199₪ ב-הטורקי

🏷️ וויסקי ג'וני ווקר בלו לייבל 700 מ"ל
   בית היין: 499₪, בנא משקאות: 550₪
   🦃 הטורקי: 639₪
   👇 זול: 499₪ ב-בית היין
   💰 חיסכון: 140₪ (22%)

🏷️ וויסקי ג'וני ווקר בלו לייבל
   הטורקי: 639₪, פאנקו: 649₪, פאנקו: 649₪, משקאות המשמח: 649₪
   🦃 הטורקי: 639₪
   👇 זול: 639₪ ב-הטורקי

🏷️ ג'וני ווקר גולד לייבל רזרב -ליטר
   פאנקו: 219₪, פאנקו: 219₪
   👇 זול: 219₪ ב-פאנקו

🏷️ וויסקי ג'וני ווקר גולד לייבל רזרב 1 ליטר
   בית היין: 220₪
   👇 זול: 220₪ ב-בית היין

🏷️ ג'וני ווקר גולד לייבל רזרב 700 מ"ל
   בנא משקאות: 160₪, פאנקו: 169₪, פאנקו: 169₪
   👇 זול: 160₪ ב-בנא משקאות

🏷️ וויסקי ג'וני ווקר גולד לייבל רזרב
   בית היין: 155₪
   👇 זול: 155₪ ב-בית היין

🏷️ וויסקי ג'וני ווקר גולד לייבל ריזרב ליטר
   הטורקי: 249₪
   🦃 הטורקי: 249₪
   👇 זול: 249₪ ב-הטורקי

🏷️ וויסקי ג'וני ווקר גולד לייבל ריזרב
   הטורקי: 185₪
   🦃 הטורקי: 185₪
   👇 זול: 185₪ ב-הטורקי

🏷️ וויסקי ג'וני ווקר גרין לייבל ליטר
   ארי משקאות: 299₪
   👇 זול: 299₪ ב-ארי משקאות

🏷️ וויסקי ג'וני ווקר גרין לייבל 700 מ"ל
   בנא משקאות: 235₪, בית היין: 258₪
   🦃 הטורקי: 239₪
   👇 זול: 235₪ ב-בנא משקאות

🏷️ וויסקי ג'וני ווקר גרין לייבל
   הטורקי: 239₪, משקאות המשמח: 289₪
   🦃 הטורקי: 239₪
   👇 זול: 239₪ ב-הטורקי

🏷️ ג'וני ווקר דאבל בלאק ליטר
   פאנקו: 169₪, פאנקו: 169₪
   👇 זול: 169₪ ב-פאנקו

🏷️ וויסקי ג'וני ווקר דאבל בלאק 1 ליטר
   בית היין: 208₪
   🦃 הטורקי: 159₪
   👇 זול: 208₪ ב-בית היין

🏷️ וויסקי ג'וני ווקר דאבל בלאק 700 מ"ל
   ארי משקאות: 155₪, בנא משקאות: 158₪, בית היין: 158₪
   🦃 הטורקי: 159₪
   👇 זול: 155₪ ב-ארי משקאות

🏷️ וויסקי ג'וני ווקר דאבל בלאק
   הטורקי: 159₪, משקאות המשמח: 189₪
   🦃 הטורקי: 159₪
   👇 זול: 159₪ ב-הטורקי

🏷️ וויסקי ג'וני ווקר רד לייבל ליטר
   ארי משקאות: 109₪, בנא משקאות: 115₪
   👇 זול: 109₪ ב-ארי משקאות

🏷️ ג'וני ווקר רד לייבל פוקט 200 מ"ל
   פאנקו: 39₪, פאנקו: 39₪
   👇 זול: 39₪ ב-פאנקו

🏷️ וויסקי ג'וני ווקר רד לייבל 200 מ"ל פלסטיק
   בנא משקאות: 40₪
   👇 זול: 40₪ ב-בנא משקאות

🏷️ וויסקי ג'וני ווקר רד לייבל 1 ליטר
   הטורקי: 109₪, בית היין: 110₪, משקאות המשמח: 129₪
   🦃 הטורקי: 109₪
   👇 זול: 109₪ ב-הטורקי

🏷️ וויסקי ג'וני ווקר רד לייבל 200 מ"ל
   בית היין: 32₪, בנא משקאות: 40₪
   👇 זול: 32₪ ב-בית היין

🏷️ ג'וני ווקר רד לייבל 3 ליטר
   בית היין: 380₪
   👇 זול: 380₪ ב-בית היין

🏷️ וויסקי ג'וני ווקר רד לייבל 700 מ"ל
   בית היין: 75₪, בנא משקאות: 85₪, הטורקי: 85₪, משקאות המשמח: 99₪
   🦃 הטורקי: 85₪
   👇 זול: 75₪ ב-בית היין
   💰 חיסכון: 10₪ (12%)

🏷️ ג'וניווקרבלאק לייבל 1.75 ליטר
   היבואן: 259₪
   👇 זול: 259₪ ב-היבואן

🏷️ ג'וניווקרבלאק לייבל 3 ליטר
   היבואן: 595₪
   👇 זול: 595₪ ב-היבואן

🏷️ ג'וניווקרבלו לייבל ליטר
   היבואן: 699₪
   👇 זול: 699₪ ב-היבואן

🏷️ ג'וניווקרבלו לייבל 750 מ"ל
   היבואן: 685₪
   👇 זול: 685₪ ב-היבואן

🏷️ ג'וניווקרבלו לייבל
   היבואן: 589₪
   👇 זול: 589₪ ב-היבואן

🏷️ ג'וניווקרדאבל בלאק 50 מ"ל
   היבואן: 17₪
   👇 זול: 17₪ ב-היבואן

🏷️ וויסקי ג’וני ווקר בלאק לייבל 200 מ”ל (Johnnie Walker Black 12YO)
   אלכוהום: 50₪
   👇 זול: 50₪ ב-אלכוהום

🏷️ וויסקי ג’וני ווקר בלאק לייבל 700 מ”ל (Johnnie Walker Black 12YO)
   אלכוהום: 125₪
   👇 זול: 125₪ ב-אלכוהום

🏷️ וויסקי ג’וני ווקר בלאק לייבל ליטר (Johnnie Walker Black 12YO)
   אלכוהום: 155₪
   👇 זול: 155₪ ב-אלכוהום

🏷️ ג’וני ווקר בלאק לייבל מהדורת משחקי הדיונון 700 מ”ל (Johnnie Walker Black 12YO)
   אלכוהום: 100₪
   👇 זול: 100₪ ב-אלכוהום

🏷️ ג’וני ווקר בלאק לייבל מהדורת משחקי הדיונון JOHNNIE WALKER
   Liquor Store: 89₪
   👇 זול: 89₪ ב-Liquor Store

🔥 *מבצעים וחיסכון:*
   🔥 מבצע! ג'וני ווקר בלאק - מיניאטורה ב-פאנקו: 16₪
   🔥 מבצע! ג'וני ווקר בלאק - מיניאטורה ב-פאנקו: 16₪
   🔥 מבצע! ג'וני ווקר בלאק ליטר - כשר ב-פאנקו: 130₪
   🔥 מבצע! ג'וני ווקר בלאק ליטר - כשר ב-פאנקו: 130₪
   🔥 מבצע! ג'וני ווקר בלאק לייבל טריפל קאסק ב-Coffeco: 180₪
   💰 וויסקי ג'וני ווקר בלאק לייבל ליטר — 145₪ ב-בנא משקאות (הטורקי 155₪, חיסכון 7%)
   💰 וויסקי ג'וני ווקר בלאק לייבל משחקי הדיונון 700 מ"ל — 122₪ ב-בנא משקאות (הטורקי 129₪, חיסכון 6%)
   💰 וויסקי ג'וני ווקר בלאק לייבל 700 מ"ל — 115₪ ב-בנא משקאות (הטורקי 125₪, חיסכון 8%)
   🔥 מבצע! ג'וני ווקר בלו לייבל - 750 מ"ל ב-פאנקו: 549₪
   🔥 מבצע! ג'וני ווקר בלו לייבל - 750 מ"ל ב-פאנקו: 549₪

⏱️ 2026-06-20T20:58

==================================================
🔎 *גלנמורנג'י 12 שנים אורגינל 700 מ"ל*
==================================================

🦃 הטורקי (API)...
   ✅ וודקה נמירוף אורגינל 700 מ"ל (700ml): 57₪
   ✅ ערק עמיאל אורגינל 700 מ"ל (700ml): 70₪
   ✅ אוזו 12 700 מ"ל (700ml): 89₪
   ✅ וויסקי בושמילס אורגינל 700 מ"ל (700ml): 95₪
   ✅ וויסקי שיבאס ריגאל 12 שנה 700 מ"ל (700ml): 125₪

🏪 שאר החנויות (אחת אחרי שנייה)...
   ✅
   ✅
   ✅
   ✅
   ✅
   ✅
   ✅
   ✅
   ✅
   ✅
   ✅
   ✅
   ✅
   ✅
   ✅
   ✅
   ✅
   ✅

📊 בונים דוח...
📁 JSON: data/גלנמורנג'י_12_שנים_אורגינל_700_20260620_210110.json
📄 דוח: data/גלנמורנג'י_12_שנים_אורגינל_700_20260620_210110.txt
  📄 CSV מעקב: data/price_tracking_גלנמורנגי_12_שנים_אורגינל_700_מל.csv (עודכן)
  📄 CSV saved: data/turk_products_גלנמורנגי_12_שנים_אורגינל_700_מל_20260620_210110.csv

📊 *טורקי פרייס אינטליג׳נס*
🔎 *גלנמורנג'י 12 שנים אורגינל 700 מ"ל*

*8/19* חנויות הגיבו

📊 דוח השוואת מחירים: גלנמורנג'י 12 שנים אורגינל 700 מ"ל
   נבדקו 19 חנויות, 8 מצאו תוצאות

🏷️ אוזו 12 700 מ"ל
   הטורקי: 89₪
   🦃 הטורקי: 89₪
   👇 זול: 89₪ ב-הטורקי

🏷️ וויסקי בושמילס אורגינל 700 מ"ל
   הטורקי: 95₪
   🦃 הטורקי: 95₪
   👇 זול: 95₪ ב-הטורקי

🏷️ בלוויני 12 דאבל ווד 700 מ"ל
   פאנקו: 230₪, פאנקו: 230₪
   👇 זול: 230₪ ב-פאנקו

🏷️ וויסקי בלייר אתול 12 שנה מהדורת יקב טוליפ DS Tayman700 מל'
   אליאסי משקאות: 250₪, אליאסי משקאות: 250₪, אליאסי משקאות: 250₪, אליאסי משקאות: 250₪
   👇 זול: 250₪ ב-אליאסי משקאות

🏷️ גלנליווט 12 שנים - 700 מ"ל
   פאנקו: 199₪, פאנקו: 199₪
   👇 זול: 199₪ ב-פאנקו

🏷️ וויסקי גלנמורנג'י 10 שנה 700 מ"ל
   בנא משקאות: 155₪
   👇 זול: 155₪ ב-בנא משקאות

🏷️ וויסקי גלנמורנג'י 12 אוריג'ינל 700 מ"ל
   בית היין: 155₪
   👇 זול: 155₪ ב-בית היין

🏷️ וויסקי גלנמורנג'י 12 שנה 700 מ"ל
   בנא משקאות: 165₪
   👇 זול: 165₪ ב-בנא משקאות

🏷️ וויסקי גלנמורנג'י 12 שנים 700 מ"ל
   הטורקי: 159₪
   🦃 הטורקי: 159₪
   👇 זול: 159₪ ב-הטורקי

🏷️ גלנמורנג'י 12 שנים
   משקאות המשמח: 139₪, פאנקו: 159₪, פאנקו: 159₪
   👇 זול: 139₪ ב-משקאות המשמח

🏷️ וויסקי גלנמורנג'י 16 דה נקטר 700 מ"ל
   בית היין: 345₪
   👇 זול: 345₪ ב-בית היין

🏷️ וויסקי גלנמורנג'י 16 שנים 700 מ"ל 46%
   הטורקי: 349₪
   🦃 הטורקי: 349₪
   👇 זול: 349₪ ב-הטורקי

🏷️ וויסקי גלנמורנג'י 18 שנה 700 מ"ל
   בנא משקאות: 530₪
   👇 זול: 530₪ ב-בנא משקאות

🏷️ וויסקי גלנמורנג'י 18 שנים 700 מ"ל
   בית היין: 580₪
   👇 זול: 580₪ ב-בית היין

🏷️ וויסקי גלנמורנג'י איקס 700 מ"ל
   בנא משקאות: 160₪
   👇 זול: 160₪ ב-בנא משקאות

🏷️ וויסקי גלנמורנג'י גראד וינטג' 1989 700 מ"ל
   ארי משקאות: 5000₪
   👇 זול: 5000₪ ב-ארי משקאות

🏷️ וויסקי גלנמורנג'י טייל אוף טוקיו 700 מ"ל
   בית היין: 330₪
   👇 זול: 330₪ ב-בית היין

🏷️ וויסקי גלנמורנג'י טייל אוף ספייסס 700 מ"ל
   בית היין: 345₪
   👇 זול: 345₪ ב-בית היין

🏷️ וויסקי גלנמורנג'י לסנטה 12 שנה 700 מ"ל
   ארי משקאות: 219₪, בית היין: 239₪, בנא משקאות: 240₪
   👇 זול: 219₪ ב-ארי משקאות

🏷️ וויסקי גלנמורנג'י לסנטה 15 שנה 700 מ"ל
   בנא משקאות: 260₪
   👇 זול: 260₪ ב-בנא משקאות

🏷️ וויסקי גלנמורנג'י מהדורת חורף 700 מ"ל
   בנא משקאות: 280₪
   👇 זול: 280₪ ב-בנא משקאות

🏷️ וויסקי גלנמורנג'י נקטר ד'אור 700 מ"ל
   ארי משקאות: 249₪, בנא משקאות: 280₪
   👇 זול: 249₪ ב-ארי משקאות

🏷️ וויסקי גלנמורנג'י סיגנט 700 מ"ל
   בית היין: 799₪, בנא משקאות: 820₪, ארי משקאות: 840₪
   👇 זול: 799₪ ב-בית היין

🏷️ וויסקי גלנמורנג'י קוינטה רובן 14 שנה 700 מ"ל
   בית היין: 248₪
   👇 זול: 248₪ ב-בית היין

🏷️ וויסקי גלנמורנג'י קינטה רובן 14 שנה 700 מ"ל
   בנא משקאות: 240₪
   👇 זול: 240₪ ב-בנא משקאות

🏷️ גלנמורנג’י 12 שנים 700 מ”ל Glenmorangie 12 Years
   Liquor Store: 149₪
   👇 זול: 149₪ ב-Liquor Store

🏷️ גלנפידיך 12 שנה 700 מ"ל
   פאנקו: 159₪, פאנקו: 159₪
   👇 זול: 159₪ ב-פאנקו

🏷️ גרנטס טריפל ווד 12 בלנדד וויסקי סקוטי (700 מ"ל
   פאנקו: 125₪, פאנקו: 125₪
   👇 זול: 125₪ ב-פאנקו

🏷️ היילנד פארק 12 שנים 700 מ"ל
   פאנקו: 209₪, פאנקו: 209₪
   👇 זול: 209₪ ב-פאנקו

🏷️ מטקסה 12 כוכבים 700 מ"ל
   פאנקו: 139₪, פאנקו: 139₪
   👇 זול: 139₪ ב-פאנקו

🏷️ וודקה נמירוף אורגינל 700 מ"ל
   הטורקי: 57₪
   🦃 הטורקי: 57₪
   👇 זול: 57₪ ב-הטורקי

🏷️ ערק עמיאל אורגינל 700 מ"ל
   הטורקי: 70₪
   🦃 הטורקי: 70₪
   👇 זול: 70₪ ב-הטורקי

🏷️ קראגנמור 12 שנים 700 מ"ל
   פאנקו: 179₪, פאנקו: 179₪
   👇 זול: 179₪ ב-פאנקו

🏷️ קרדו 12 שנה 700 מ"ל
   פאנקו: 199₪, פאנקו: 199₪
   👇 זול: 199₪ ב-פאנקו

🏷️ וויסקי שיבאס ריגאל 12 שנה 700 מ"ל
   הטורקי: 125₪
   🦃 הטורקי: 125₪
   👇 זול: 125₪ ב-הטורקי

🔥 *מבצעים וחיסכון:*
   🔥 מבצע! בלוויני 12 דאבל ווד 700 מ"ל ב-פאנקו: 230₪
   🔥 מבצע! בלוויני 12 דאבל ווד 700 מ"ל ב-פאנקו: 230₪
   🔥 מבצע! וויסקי גלנמורנג'י 12 אוריג'ינל 700 מ"ל ב-בית היין: 155₪
   🔥 מבצע! וויסקי גלנמורנג'י טייל אוף טוקיו 700 מ"ל ב-בית היין: 330₪
   🔥 מבצע! וויסקי גלנמורנג'י טייל אוף ספייסס 700 מ"ל ב-בית היין: 345₪
   🔥 מבצע! וויסקי גלנמורנג'י לסנטה 12 שנה 700 מ"ל ב-בית היין: 239₪
   🔥 מבצע! וויסקי גלנמורנג'י סיגנט 700 מ"ל ב-בית היין: 799₪
   🔥 מבצע! וויסקי גלנמורנג'י קוינטה רובן 14 שנה 700 מ"ל ב-בית היין: 248₪
   🔥 מבצע! גלנמורנג’י 12 שנים 700 מ”ל Glenmorangie 12 Years ב-Liquor Store: 149₪
   🔥 מבצע! גלנפידיך 12 שנה 700 מ"ל ב-פאנקו: 159₪

⏱️ 2026-06-20T21:01

🎉 סריקת המעקב הושלמה בהצלחה!
⏰ RUN COMPLETED IN 879 SECONDS ( 14 minutes and 39 seconds )
